{"C:\\Users\\tomin\\work\\opencode\\open\\scripts\\generate-diff.ts": {"path":"C:\\Users\\tomin\\work\\opencode\\open\\scripts\\generate-diff.ts","statementMap":{"0":{"start":{"line":5,"column":12},"end":{"line":5,"column":null}},"1":{"start":{"line":6,"column":2},"end":{"line":6,"column":null}},"2":{"start":{"line":6,"column":9},"end":{"line":6,"column":null}},"3":{"start":{"line":8,"column":2},"end":{"line":8,"column":null}},"4":{"start":{"line":17,"column":29},"end":{"line":26,"column":null}},"5":{"start":{"line":28,"column":18},"end":{"line":28,"column":null}},"6":{"start":{"line":29,"column":2},"end":{"line":29,"column":null}},"7":{"start":{"line":29,"column":26},"end":{"line":29,"column":56}},"8":{"start":{"line":31,"column":19},"end":{"line":31,"column":null}},"9":{"start":{"line":33,"column":2},"end":{"line":72,"column":null}},"10":{"start":{"line":34,"column":16},"end":{"line":34,"column":null}},"11":{"start":{"line":35,"column":4},"end":{"line":35,"column":null}},"12":{"start":{"line":36,"column":17},"end":{"line":36,"column":null}},"13":{"start":{"line":38,"column":4},"end":{"line":71,"column":null}},"14":{"start":{"line":39,"column":6},"end":{"line":39,"column":null}},"15":{"start":{"line":41,"column":41},"end":{"line":41,"column":null}},"16":{"start":{"line":42,"column":40},"end":{"line":42,"column":null}},"17":{"start":{"line":44,"column":23},"end":{"line":44,"column":null}},"18":{"start":{"line":45,"column":48},"end":{"line":54,"column":null}},"19":{"start":{"line":56,"column":6},"end":{"line":62,"column":null}},"20":{"start":{"line":57,"column":8},"end":{"line":61,"column":null}},"21":{"start":{"line":58,"column":10},"end":{"line":58,"column":null}},"22":{"start":{"line":59,"column":10},"end":{"line":59,"column":null}},"23":{"start":{"line":60,"column":10},"end":{"line":60,"column":null}},"24":{"start":{"line":64,"column":6},"end":{"line":70,"column":null}},"25":{"start":{"line":65,"column":8},"end":{"line":69,"column":null}},"26":{"start":{"line":74,"column":2},"end":{"line":78,"column":null}},"27":{"start":{"line":75,"column":4},"end":{"line":77,"column":null}},"28":{"start":{"line":76,"column":6},"end":{"line":76,"column":null}},"29":{"start":{"line":80,"column":2},"end":{"line":80,"column":null}}},"fnMap":{"0":{"name":"getMatchKey","decl":{"start":{"line":4,"column":9},"end":{"line":4,"column":21}},"loc":{"start":{"line":4,"column":42},"end":{"line":9,"column":null}},"line":4},"1":{"name":"generateDiff","decl":{"start":{"line":11,"column":16},"end":{"line":11,"column":null}},"loc":{"start":{"line":16,"column":16},"end":{"line":81,"column":null}},"line":16},"2":{"name":"(anonymous_2)","decl":{"start":{"line":29,"column":11},"end":{"line":29,"column":20}},"loc":{"start":{"line":29,"column":26},"end":{"line":29,"column":56}},"line":29},"3":{"name":"(anonymous_3)","decl":{"start":{"line":33,"column":10},"end":{"line":33,"column":19}},"loc":{"start":{"line":33,"column":28},"end":{"line":72,"column":3}},"line":33},"4":{"name":"(anonymous_4)","decl":{"start":{"line":56,"column":20},"end":{"line":56,"column":29}},"loc":{"start":{"line":56,"column":35},"end":{"line":62,"column":7}},"line":56},"5":{"name":"(anonymous_5)","decl":{"start":{"line":74,"column":11},"end":{"line":74,"column":20}},"loc":{"start":{"line":74,"column":29},"end":{"line":78,"column":3}},"line":74}},"branchMap":{"0":{"loc":{"start":{"line":6,"column":2},"end":{"line":6,"column":null}},"type":"if","locations":[{"start":{"line":6,"column":2},"end":{"line":6,"column":null}},{"start":{},"end":{}}],"line":6},"1":{"loc":{"start":{"line":38,"column":4},"end":{"line":71,"column":null}},"type":"if","locations":[{"start":{"line":38,"column":4},"end":{"line":71,"column":null}},{"start":{"line":40,"column":11},"end":{"line":71,"column":null}}],"line":38},"2":{"loc":{"start":{"line":57,"column":8},"end":{"line":61,"column":null}},"type":"if","locations":[{"start":{"line":57,"column":8},"end":{"line":61,"column":null}},{"start":{},"end":{}}],"line":57},"3":{"loc":{"start":{"line":64,"column":6},"end":{"line":70,"column":null}},"type":"if","locations":[{"start":{"line":64,"column":6},"end":{"line":70,"column":null}},{"start":{},"end":{}}],"line":64},"4":{"loc":{"start":{"line":75,"column":4},"end":{"line":77,"column":null}},"type":"if","locations":[{"start":{"line":75,"column":4},"end":{"line":77,"column":null}},{"start":{},"end":{}}],"line":75}},"s":{"0":12,"1":12,"2":12,"3":0,"4":3,"5":3,"6":3,"7":4,"8":3,"9":3,"10":4,"11":4,"12":4,"13":4,"14":1,"15":3,"16":3,"17":3,"18":3,"19":3,"20":24,"21":1,"22":1,"23":1,"24":3,"25":1,"26":3,"27":4,"28":1,"29":3},"f":{"0":12,"1":3,"2":4,"3":4,"4":24,"5":4},"b":{"0":[12,0],"1":[1,3],"2":[1,23],"3":[1,2],"4":[1,3]},"meta":{"lastBranch":5,"lastFunction":6,"lastStatement":30,"seen":{"f:4:9:4:21":0,"s:5:12:5:Infinity":0,"b:6:2:6:Infinity:undefined:undefined:undefined:undefined":0,"s:6:2:6:Infinity":1,"s:6:9:6:Infinity":2,"s:8:2:8:Infinity":3,"f:11:16:11:Infinity":1,"s:17:29:26:Infinity":4,"s:28:18:28:Infinity":5,"s:29:2:29:Infinity":6,"f:29:11:29:20":2,"s:29:26:29:56":7,"s:31:19:31:Infinity":8,"s:33:2:72:Infinity":9,"f:33:10:33:19":3,"s:34:16:34:Infinity":10,"s:35:4:35:Infinity":11,"s:36:17:36:Infinity":12,"b:38:4:71:Infinity:40:11:71:Infinity":1,"s:38:4:71:Infinity":13,"s:39:6:39:Infinity":14,"s:41:41:41:Infinity":15,"s:42:40:42:Infinity":16,"s:44:23:44:Infinity":17,"s:45:48:54:Infinity":18,"s:56:6:62:Infinity":19,"f:56:20:56:29":4,"b:57:8:61:Infinity:undefined:undefined:undefined:undefined":2,"s:57:8:61:Infinity":20,"s:58:10:58:Infinity":21,"s:59:10:59:Infinity":22,"s:60:10:60:Infinity":23,"b:64:6:70:Infinity:undefined:undefined:undefined:undefined":3,"s:64:6:70:Infinity":24,"s:65:8:69:Infinity":25,"s:74:2:78:Infinity":26,"f:74:11:74:20":5,"b:75:4:77:Infinity:undefined:undefined:undefined:undefined":4,"s:75:4:77:Infinity":27,"s:76:6:76:Infinity":28,"s:80:2:80:Infinity":29},"fnNames":{}}}
,"C:\\Users\\tomin\\work\\opencode\\open\\src\\utils\\address.ts": {"path":"C:\\Users\\tomin\\work\\opencode\\open\\src\\utils\\address.ts","statementMap":{"0":{"start":{"line":8,"column":21},"end":{"line":8,"column":null}},"1":{"start":{"line":10,"column":22},"end":{"line":10,"column":null}},"2":{"start":{"line":13,"column":16},"end":{"line":13,"column":null}},"3":{"start":{"line":14,"column":2},"end":{"line":16,"column":null}},"4":{"start":{"line":15,"column":4},"end":{"line":15,"column":null}},"5":{"start":{"line":18,"column":2},"end":{"line":18,"column":null}}},"fnMap":{"0":{"name":"extractTownName","decl":{"start":{"line":7,"column":16},"end":{"line":7,"column":32}},"loc":{"start":{"line":7,"column":57},"end":{"line":19,"column":null}},"line":7}},"branchMap":{"0":{"loc":{"start":{"line":14,"column":2},"end":{"line":16,"column":null}},"type":"if","locations":[{"start":{"line":14,"column":2},"end":{"line":16,"column":null}},{"start":{},"end":{}}],"line":14}},"s":{"0":4,"1":4,"2":4,"3":4,"4":4,"5":0},"f":{"0":4},"b":{"0":[4,0]},"meta":{"lastBranch":1,"lastFunction":1,"lastStatement":6,"seen":{"f:7:16:7:32":0,"s:8:21:8:Infinity":0,"s:10:22:10:Infinity":1,"s:13:16:13:Infinity":2,"b:14:2:16:Infinity:undefined:undefined:undefined:undefined":0,"s:14:2:16:Infinity":3,"s:15:4:15:Infinity":4,"s:18:2:18:Infinity":5},"fnNames":{}}}
,"C:\\Users\\tomin\\work\\opencode\\open\\src\\utils\\date.ts": {"path":"C:\\Users\\tomin\\work\\opencode\\open\\src\\utils\\date.ts","statementMap":{"0":{"start":{"line":5,"column":2},"end":{"line":9,"column":null}},"1":{"start":{"line":7,"column":17},"end":{"line":7,"column":null}},"2":{"start":{"line":8,"column":4},"end":{"line":8,"column":null}},"3":{"start":{"line":10,"column":2},"end":{"line":12,"column":null}},"4":{"start":{"line":11,"column":4},"end":{"line":11,"column":null}},"5":{"start":{"line":13,"column":2},"end":{"line":13,"column":null}},"6":{"start":{"line":21,"column":2},"end":{"line":21,"column":null}},"7":{"start":{"line":21,"column":43},"end":{"line":21,"column":null}},"8":{"start":{"line":23,"column":12},"end":{"line":23,"column":null}},"9":{"start":{"line":26,"column":2},"end":{"line":32,"column":null}},"10":{"start":{"line":27,"column":18},"end":{"line":27,"column":null}},"11":{"start":{"line":28,"column":4},"end":{"line":31,"column":null}},"12":{"start":{"line":29,"column":19},"end":{"line":29,"column":null}},"13":{"start":{"line":30,"column":6},"end":{"line":30,"column":null}},"14":{"start":{"line":33,"column":2},"end":{"line":39,"column":null}},"15":{"start":{"line":34,"column":18},"end":{"line":34,"column":null}},"16":{"start":{"line":35,"column":4},"end":{"line":38,"column":null}},"17":{"start":{"line":36,"column":19},"end":{"line":36,"column":null}},"18":{"start":{"line":37,"column":6},"end":{"line":37,"column":null}},"19":{"start":{"line":42,"column":21},"end":{"line":42,"column":null}},"20":{"start":{"line":43,"column":2},"end":{"line":45,"column":null}},"21":{"start":{"line":44,"column":4},"end":{"line":44,"column":null}},"22":{"start":{"line":48,"column":15},"end":{"line":48,"column":null}},"23":{"start":{"line":49,"column":2},"end":{"line":49,"column":null}},"24":{"start":{"line":56,"column":2},"end":{"line":56,"column":null}},"25":{"start":{"line":56,"column":38},"end":{"line":56,"column":null}},"26":{"start":{"line":57,"column":12},"end":{"line":57,"column":null}},"27":{"start":{"line":58,"column":12},"end":{"line":58,"column":null}},"28":{"start":{"line":59,"column":12},"end":{"line":59,"column":null}},"29":{"start":{"line":60,"column":2},"end":{"line":60,"column":null}},"30":{"start":{"line":67,"column":21},"end":{"line":70,"column":null}},"31":{"start":{"line":68,"column":32},"end":{"line":68,"column":35}},"32":{"start":{"line":69,"column":16},"end":{"line":69,"column":27}},"33":{"start":{"line":70,"column":19},"end":{"line":70,"column":38}},"34":{"start":{"line":72,"column":2},"end":{"line":72,"column":null}},"35":{"start":{"line":72,"column":31},"end":{"line":72,"column":null}},"36":{"start":{"line":74,"column":17},"end":{"line":74,"column":null}},"37":{"start":{"line":74,"column":60},"end":{"line":74,"column":71}},"38":{"start":{"line":75,"column":2},"end":{"line":75,"column":null}},"39":{"start":{"line":82,"column":15},"end":{"line":82,"column":null}},"40":{"start":{"line":83,"column":2},"end":{"line":83,"column":null}},"41":{"start":{"line":84,"column":2},"end":{"line":84,"column":null}},"42":{"start":{"line":95,"column":2},"end":{"line":95,"column":null}},"43":{"start":{"line":95,"column":32},"end":{"line":95,"column":null}},"44":{"start":{"line":97,"column":15},"end":{"line":97,"column":null}},"45":{"start":{"line":98,"column":19},"end":{"line":98,"column":null}},"46":{"start":{"line":99,"column":20},"end":{"line":99,"column":null}},"47":{"start":{"line":100,"column":2},"end":{"line":100,"column":null}},"48":{"start":{"line":102,"column":2},"end":{"line":102,"column":null}}},"fnMap":{"0":{"name":"parseExcelDate","decl":{"start":{"line":4,"column":16},"end":{"line":4,"column":31}},"loc":{"start":{"line":4,"column":56},"end":{"line":14,"column":null}},"line":4},"1":{"name":"parseDateString","decl":{"start":{"line":20,"column":16},"end":{"line":20,"column":32}},"loc":{"start":{"line":20,"column":57},"end":{"line":50,"column":null}},"line":20},"2":{"name":"formatIsoDate","decl":{"start":{"line":55,"column":16},"end":{"line":55,"column":30}},"loc":{"start":{"line":55,"column":64},"end":{"line":61,"column":null}},"line":55},"3":{"name":"getLatestPermitDate","decl":{"start":{"line":66,"column":16},"end":{"line":66,"column":36}},"loc":{"start":{"line":66,"column":77},"end":{"line":76,"column":null}},"line":66},"4":{"name":"(anonymous_4)","decl":{"start":{"line":68,"column":5},"end":{"line":68,"column":13}},"loc":{"start":{"line":68,"column":32},"end":{"line":68,"column":35}},"line":68},"5":{"name":"(anonymous_5)","decl":{"start":{"line":69,"column":5},"end":{"line":69,"column":10}},"loc":{"start":{"line":69,"column":16},"end":{"line":69,"column":27}},"line":69},"6":{"name":"(anonymous_6)","decl":{"start":{"line":70,"column":5},"end":{"line":70,"column":13}},"loc":{"start":{"line":70,"column":19},"end":{"line":70,"column":38}},"line":70},"7":{"name":"(anonymous_7)","decl":{"start":{"line":74,"column":49},"end":{"line":74,"column":54}},"loc":{"start":{"line":74,"column":60},"end":{"line":74,"column":71}},"line":74},"8":{"name":"getDateRangeFromBaseDate","decl":{"start":{"line":81,"column":16},"end":{"line":81,"column":41}},"loc":{"start":{"line":81,"column":84},"end":{"line":85,"column":null}},"line":81},"9":{"name":"isWithinPeriod","decl":{"start":{"line":90,"column":16},"end":{"line":90,"column":null}},"loc":{"start":{"line":94,"column":11},"end":{"line":103,"column":null}},"line":94}},"branchMap":{"0":{"loc":{"start":{"line":5,"column":2},"end":{"line":9,"column":null}},"type":"if","locations":[{"start":{"line":5,"column":2},"end":{"line":9,"column":null}},{"start":{},"end":{}}],"line":5},"1":{"loc":{"start":{"line":8,"column":11},"end":{"line":8,"column":null}},"type":"cond-expr","locations":[{"start":{"line":8,"column":35},"end":{"line":8,"column":42}},{"start":{"line":8,"column":42},"end":{"line":8,"column":null}}],"line":8},"2":{"loc":{"start":{"line":10,"column":2},"end":{"line":12,"column":null}},"type":"if","locations":[{"start":{"line":10,"column":2},"end":{"line":12,"column":null}},{"start":{},"end":{}}],"line":10},"3":{"loc":{"start":{"line":11,"column":11},"end":{"line":11,"column":null}},"type":"cond-expr","locations":[{"start":{"line":11,"column":36},"end":{"line":11,"column":43}},{"start":{"line":11,"column":43},"end":{"line":11,"column":null}}],"line":11},"4":{"loc":{"start":{"line":21,"column":2},"end":{"line":21,"column":null}},"type":"if","locations":[{"start":{"line":21,"column":2},"end":{"line":21,"column":null}},{"start":{},"end":{}}],"line":21},"5":{"loc":{"start":{"line":21,"column":6},"end":{"line":21,"column":43}},"type":"binary-expr","locations":[{"start":{"line":21,"column":6},"end":{"line":21,"column":16}},{"start":{"line":21,"column":16},"end":{"line":21,"column":43}}],"line":21},"6":{"loc":{"start":{"line":26,"column":2},"end":{"line":32,"column":null}},"type":"if","locations":[{"start":{"line":26,"column":2},"end":{"line":32,"column":null}},{"start":{},"end":{}}],"line":26},"7":{"loc":{"start":{"line":28,"column":4},"end":{"line":31,"column":null}},"type":"if","locations":[{"start":{"line":28,"column":4},"end":{"line":31,"column":null}},{"start":{},"end":{}}],"line":28},"8":{"loc":{"start":{"line":29,"column":19},"end":{"line":29,"column":null}},"type":"cond-expr","locations":[{"start":{"line":29,"column":38},"end":{"line":29,"column":45}},{"start":{"line":29,"column":45},"end":{"line":29,"column":null}}],"line":29},"9":{"loc":{"start":{"line":33,"column":2},"end":{"line":39,"column":null}},"type":"if","locations":[{"start":{"line":33,"column":2},"end":{"line":39,"column":null}},{"start":{},"end":{}}],"line":33},"10":{"loc":{"start":{"line":35,"column":4},"end":{"line":38,"column":null}},"type":"if","locations":[{"start":{"line":35,"column":4},"end":{"line":38,"column":null}},{"start":{},"end":{}}],"line":35},"11":{"loc":{"start":{"line":36,"column":19},"end":{"line":36,"column":null}},"type":"cond-expr","locations":[{"start":{"line":36,"column":38},"end":{"line":36,"column":45}},{"start":{"line":36,"column":45},"end":{"line":36,"column":null}}],"line":36},"12":{"loc":{"start":{"line":43,"column":2},"end":{"line":45,"column":null}},"type":"if","locations":[{"start":{"line":43,"column":2},"end":{"line":45,"column":null}},{"start":{},"end":{}}],"line":43},"13":{"loc":{"start":{"line":49,"column":9},"end":{"line":49,"column":null}},"type":"cond-expr","locations":[{"start":{"line":49,"column":33},"end":{"line":49,"column":40}},{"start":{"line":49,"column":40},"end":{"line":49,"column":null}}],"line":49},"14":{"loc":{"start":{"line":56,"column":2},"end":{"line":56,"column":null}},"type":"if","locations":[{"start":{"line":56,"column":2},"end":{"line":56,"column":null}},{"start":{},"end":{}}],"line":56},"15":{"loc":{"start":{"line":56,"column":6},"end":{"line":56,"column":38}},"type":"binary-expr","locations":[{"start":{"line":56,"column":6},"end":{"line":56,"column":15}},{"start":{"line":56,"column":15},"end":{"line":56,"column":38}}],"line":56},"16":{"loc":{"start":{"line":72,"column":2},"end":{"line":72,"column":null}},"type":"if","locations":[{"start":{"line":72,"column":2},"end":{"line":72,"column":null}},{"start":{},"end":{}}],"line":72},"17":{"loc":{"start":{"line":84,"column":9},"end":{"line":84,"column":null}},"type":"binary-expr","locations":[{"start":{"line":84,"column":9},"end":{"line":84,"column":32}},{"start":{"line":84,"column":32},"end":{"line":84,"column":null}}],"line":84},"18":{"loc":{"start":{"line":95,"column":2},"end":{"line":95,"column":null}},"type":"if","locations":[{"start":{"line":95,"column":2},"end":{"line":95,"column":null}},{"start":{},"end":{}}],"line":95},"19":{"loc":{"start":{"line":95,"column":6},"end":{"line":95,"column":32}},"type":"binary-expr","locations":[{"start":{"line":95,"column":6},"end":{"line":95,"column":18}},{"start":{"line":95,"column":18},"end":{"line":95,"column":32}}],"line":95},"20":{"loc":{"start":{"line":102,"column":9},"end":{"line":102,"column":null}},"type":"binary-expr","locations":[{"start":{"line":102,"column":9},"end":{"line":102,"column":30}},{"start":{"line":102,"column":30},"end":{"line":102,"column":null}}],"line":102}},"s":{"0":3,"1":2,"2":2,"3":1,"4":1,"5":0,"6":6,"7":0,"8":6,"9":6,"10":2,"11":2,"12":2,"13":2,"14":4,"15":1,"16":1,"17":1,"18":1,"19":3,"20":3,"21":1,"22":2,"23":2,"24":10,"25":0,"26":10,"27":10,"28":10,"29":10,"30":1,"31":4,"32":3,"33":3,"34":1,"35":0,"36":1,"37":3,"38":1,"39":1,"40":1,"41":1,"42":4,"43":0,"44":4,"45":4,"46":4,"47":4,"48":4},"f":{"0":3,"1":6,"2":10,"3":1,"4":4,"5":3,"6":3,"7":3,"8":1,"9":4},"b":{"0":[2,1],"1":[1,1],"2":[1,0],"3":[0,1],"4":[0,6],"5":[6,6],"6":[2,4],"7":[2,0],"8":[1,1],"9":[1,3],"10":[1,0],"11":[0,1],"12":[1,2],"13":[0,2],"14":[0,10],"15":[10,10],"16":[0,1],"17":[1,0],"18":[0,4],"19":[4,4],"20":[4,2]},"meta":{"lastBranch":21,"lastFunction":10,"lastStatement":49,"seen":{"f:4:16:4:31":0,"b:5:2:9:Infinity:undefined:undefined:undefined:undefined":0,"s:5:2:9:Infinity":0,"s:7:17:7:Infinity":1,"s:8:4:8:Infinity":2,"b:8:35:8:42:8:42:8:Infinity":1,"b:10:2:12:Infinity:undefined:undefined:undefined:undefined":2,"s:10:2:12:Infinity":3,"s:11:4:11:Infinity":4,"b:11:36:11:43:11:43:11:Infinity":3,"s:13:2:13:Infinity":5,"f:20:16:20:32":1,"b:21:2:21:Infinity:undefined:undefined:undefined:undefined":4,"s:21:2:21:Infinity":6,"b:21:6:21:16:21:16:21:43":5,"s:21:43:21:Infinity":7,"s:23:12:23:Infinity":8,"b:26:2:32:Infinity:undefined:undefined:undefined:undefined":6,"s:26:2:32:Infinity":9,"s:27:18:27:Infinity":10,"b:28:4:31:Infinity:undefined:undefined:undefined:undefined":7,"s:28:4:31:Infinity":11,"s:29:19:29:Infinity":12,"b:29:38:29:45:29:45:29:Infinity":8,"s:30:6:30:Infinity":13,"b:33:2:39:Infinity:undefined:undefined:undefined:undefined":9,"s:33:2:39:Infinity":14,"s:34:18:34:Infinity":15,"b:35:4:38:Infinity:undefined:undefined:undefined:undefined":10,"s:35:4:38:Infinity":16,"s:36:19:36:Infinity":17,"b:36:38:36:45:36:45:36:Infinity":11,"s:37:6:37:Infinity":18,"s:42:21:42:Infinity":19,"b:43:2:45:Infinity:undefined:undefined:undefined:undefined":12,"s:43:2:45:Infinity":20,"s:44:4:44:Infinity":21,"s:48:15:48:Infinity":22,"s:49:2:49:Infinity":23,"b:49:33:49:40:49:40:49:Infinity":13,"f:55:16:55:30":2,"b:56:2:56:Infinity:undefined:undefined:undefined:undefined":14,"s:56:2:56:Infinity":24,"b:56:6:56:15:56:15:56:38":15,"s:56:38:56:Infinity":25,"s:57:12:57:Infinity":26,"s:58:12:58:Infinity":27,"s:59:12:59:Infinity":28,"s:60:2:60:Infinity":29,"f:66:16:66:36":3,"s:67:21:70:Infinity":30,"f:68:5:68:13":4,"s:68:32:68:35":31,"f:69:5:69:10":5,"s:69:16:69:27":32,"f:70:5:70:13":6,"s:70:19:70:38":33,"b:72:2:72:Infinity:undefined:undefined:undefined:undefined":16,"s:72:2:72:Infinity":34,"s:72:31:72:Infinity":35,"s:74:17:74:Infinity":36,"f:74:49:74:54":7,"s:74:60:74:71":37,"s:75:2:75:Infinity":38,"f:81:16:81:41":8,"s:82:15:82:Infinity":39,"s:83:2:83:Infinity":40,"s:84:2:84:Infinity":41,"b:84:9:84:32:84:32:84:Infinity":17,"f:90:16:90:Infinity":9,"b:95:2:95:Infinity:undefined:undefined:undefined:undefined":18,"s:95:2:95:Infinity":42,"b:95:6:95:18:95:18:95:32":19,"s:95:32:95:Infinity":43,"s:97:15:97:Infinity":44,"s:98:19:98:Infinity":45,"s:99:20:99:Infinity":46,"s:100:2:100:Infinity":47,"s:102:2:102:Infinity":48,"b:102:9:102:30:102:30:102:Infinity":20},"fnNames":{}}}
,"C:\\Users\\tomin\\work\\opencode\\open\\src\\utils\\filter.ts": {"path":"C:\\Users\\tomin\\work\\opencode\\open\\src\\utils\\filter.ts","statementMap":{"0":{"start":{"line":18,"column":2},"end":{"line":57,"column":null}},"1":{"start":{"line":20,"column":4},"end":{"line":24,"column":null}},"2":{"start":{"line":21,"column":23},"end":{"line":21,"column":null}},"3":{"start":{"line":22,"column":22},"end":{"line":22,"column":null}},"4":{"start":{"line":22,"column":45},"end":{"line":22,"column":70}},"5":{"start":{"line":23,"column":6},"end":{"line":23,"column":null}},"6":{"start":{"line":23,"column":20},"end":{"line":23,"column":null}},"7":{"start":{"line":27,"column":4},"end":{"line":29,"column":null}},"8":{"start":{"line":28,"column":6},"end":{"line":28,"column":null}},"9":{"start":{"line":32,"column":4},"end":{"line":34,"column":null}},"10":{"start":{"line":33,"column":6},"end":{"line":33,"column":null}},"11":{"start":{"line":37,"column":4},"end":{"line":41,"column":null}},"12":{"start":{"line":38,"column":6},"end":{"line":40,"column":null}},"13":{"start":{"line":39,"column":8},"end":{"line":39,"column":null}},"14":{"start":{"line":44,"column":4},"end":{"line":49,"column":null}},"15":{"start":{"line":45,"column":21},"end":{"line":45,"column":null}},"16":{"start":{"line":46,"column":6},"end":{"line":48,"column":null}},"17":{"start":{"line":47,"column":8},"end":{"line":47,"column":null}},"18":{"start":{"line":52,"column":4},"end":{"line":54,"column":null}},"19":{"start":{"line":53,"column":6},"end":{"line":53,"column":null}},"20":{"start":{"line":56,"column":4},"end":{"line":56,"column":null}},"21":{"start":{"line":63,"column":2},"end":{"line":86,"column":null}},"22":{"start":{"line":64,"column":4},"end":{"line":85,"column":null}},"23":{"start":{"line":66,"column":8},"end":{"line":67,"column":null}},"24":{"start":{"line":67,"column":10},"end":{"line":67,"column":null}},"25":{"start":{"line":68,"column":8},"end":{"line":68,"column":null}},"26":{"start":{"line":68,"column":27},"end":{"line":68,"column":null}},"27":{"start":{"line":69,"column":8},"end":{"line":69,"column":null}},"28":{"start":{"line":69,"column":27},"end":{"line":69,"column":null}},"29":{"start":{"line":70,"column":8},"end":{"line":70,"column":null}},"30":{"start":{"line":73,"column":8},"end":{"line":74,"column":null}},"31":{"start":{"line":74,"column":10},"end":{"line":74,"column":null}},"32":{"start":{"line":75,"column":8},"end":{"line":75,"column":null}},"33":{"start":{"line":75,"column":27},"end":{"line":75,"column":null}},"34":{"start":{"line":76,"column":8},"end":{"line":76,"column":null}},"35":{"start":{"line":76,"column":27},"end":{"line":76,"column":null}},"36":{"start":{"line":77,"column":8},"end":{"line":77,"column":null}},"37":{"start":{"line":80,"column":8},"end":{"line":80,"column":null}},"38":{"start":{"line":82,"column":8},"end":{"line":82,"column":null}},"39":{"start":{"line":84,"column":8},"end":{"line":84,"column":null}}},"fnMap":{"0":{"name":"filterFacilities","decl":{"start":{"line":17,"column":16},"end":{"line":17,"column":33}},"loc":{"start":{"line":17,"column":93},"end":{"line":58,"column":null}},"line":17},"1":{"name":"(anonymous_1)","decl":{"start":{"line":18,"column":20},"end":{"line":18,"column":28}},"loc":{"start":{"line":18,"column":34},"end":{"line":57,"column":3}},"line":18},"2":{"name":"(anonymous_2)","decl":{"start":{"line":22,"column":31},"end":{"line":22,"column":38}},"loc":{"start":{"line":22,"column":45},"end":{"line":22,"column":70}},"line":22},"3":{"name":"sortFacilities","decl":{"start":{"line":62,"column":16},"end":{"line":62,"column":31}},"loc":{"start":{"line":62,"column":85},"end":{"line":87,"column":null}},"line":62},"4":{"name":"(anonymous_4)","decl":{"start":{"line":63,"column":25},"end":{"line":63,"column":31}},"loc":{"start":{"line":63,"column":40},"end":{"line":86,"column":3}},"line":63}},"branchMap":{"0":{"loc":{"start":{"line":20,"column":4},"end":{"line":24,"column":null}},"type":"if","locations":[{"start":{"line":20,"column":4},"end":{"line":24,"column":null}},{"start":{},"end":{}}],"line":20},"1":{"loc":{"start":{"line":23,"column":6},"end":{"line":23,"column":null}},"type":"if","locations":[{"start":{"line":23,"column":6},"end":{"line":23,"column":null}},{"start":{},"end":{}}],"line":23},"2":{"loc":{"start":{"line":27,"column":4},"end":{"line":29,"column":null}},"type":"if","locations":[{"start":{"line":27,"column":4},"end":{"line":29,"column":null}},{"start":{},"end":{}}],"line":27},"3":{"loc":{"start":{"line":27,"column":8},"end":{"line":27,"column":73}},"type":"binary-expr","locations":[{"start":{"line":27,"column":8},"end":{"line":27,"column":32}},{"start":{"line":27,"column":32},"end":{"line":27,"column":73}}],"line":27},"4":{"loc":{"start":{"line":32,"column":4},"end":{"line":34,"column":null}},"type":"if","locations":[{"start":{"line":32,"column":4},"end":{"line":34,"column":null}},{"start":{},"end":{}}],"line":32},"5":{"loc":{"start":{"line":32,"column":8},"end":{"line":32,"column":70}},"type":"binary-expr","locations":[{"start":{"line":32,"column":8},"end":{"line":32,"column":31}},{"start":{"line":32,"column":31},"end":{"line":32,"column":70}}],"line":32},"6":{"loc":{"start":{"line":37,"column":4},"end":{"line":41,"column":null}},"type":"if","locations":[{"start":{"line":37,"column":4},"end":{"line":41,"column":null}},{"start":{},"end":{}}],"line":37},"7":{"loc":{"start":{"line":37,"column":8},"end":{"line":37,"column":54}},"type":"binary-expr","locations":[{"start":{"line":37,"column":8},"end":{"line":37,"column":36}},{"start":{"line":37,"column":36},"end":{"line":37,"column":54}}],"line":37},"8":{"loc":{"start":{"line":38,"column":6},"end":{"line":40,"column":null}},"type":"if","locations":[{"start":{"line":38,"column":6},"end":{"line":40,"column":null}},{"start":{},"end":{}}],"line":38},"9":{"loc":{"start":{"line":44,"column":4},"end":{"line":49,"column":null}},"type":"if","locations":[{"start":{"line":44,"column":4},"end":{"line":49,"column":null}},{"start":{},"end":{}}],"line":44},"10":{"loc":{"start":{"line":46,"column":6},"end":{"line":48,"column":null}},"type":"if","locations":[{"start":{"line":46,"column":6},"end":{"line":48,"column":null}},{"start":{},"end":{}}],"line":46},"11":{"loc":{"start":{"line":52,"column":4},"end":{"line":54,"column":null}},"type":"if","locations":[{"start":{"line":52,"column":4},"end":{"line":54,"column":null}},{"start":{},"end":{}}],"line":52},"12":{"loc":{"start":{"line":52,"column":8},"end":{"line":52,"column":78}},"type":"binary-expr","locations":[{"start":{"line":52,"column":8},"end":{"line":52,"column":29}},{"start":{"line":52,"column":29},"end":{"line":52,"column":49}},{"start":{"line":52,"column":49},"end":{"line":52,"column":78}}],"line":52},"13":{"loc":{"start":{"line":64,"column":4},"end":{"line":85,"column":null}},"type":"switch","locations":[{"start":{"line":65,"column":6},"end":{"line":71,"column":null}},{"start":{"line":72,"column":6},"end":{"line":78,"column":null}},{"start":{"line":79,"column":6},"end":{"line":80,"column":null}},{"start":{"line":81,"column":6},"end":{"line":82,"column":null}},{"start":{"line":83,"column":6},"end":{"line":84,"column":null}}],"line":64},"14":{"loc":{"start":{"line":66,"column":8},"end":{"line":67,"column":null}},"type":"if","locations":[{"start":{"line":66,"column":8},"end":{"line":67,"column":null}},{"start":{},"end":{}}],"line":66},"15":{"loc":{"start":{"line":68,"column":8},"end":{"line":68,"column":null}},"type":"if","locations":[{"start":{"line":68,"column":8},"end":{"line":68,"column":null}},{"start":{},"end":{}}],"line":68},"16":{"loc":{"start":{"line":69,"column":8},"end":{"line":69,"column":null}},"type":"if","locations":[{"start":{"line":69,"column":8},"end":{"line":69,"column":null}},{"start":{},"end":{}}],"line":69},"17":{"loc":{"start":{"line":73,"column":8},"end":{"line":74,"column":null}},"type":"if","locations":[{"start":{"line":73,"column":8},"end":{"line":74,"column":null}},{"start":{},"end":{}}],"line":73},"18":{"loc":{"start":{"line":75,"column":8},"end":{"line":75,"column":null}},"type":"if","locations":[{"start":{"line":75,"column":8},"end":{"line":75,"column":null}},{"start":{},"end":{}}],"line":75},"19":{"loc":{"start":{"line":76,"column":8},"end":{"line":76,"column":null}},"type":"if","locations":[{"start":{"line":76,"column":8},"end":{"line":76,"column":null}},{"start":{},"end":{}}],"line":76}},"s":{"0":6,"1":12,"2":2,"3":2,"4":2,"5":2,"6":1,"7":11,"8":1,"9":10,"10":1,"11":9,"12":2,"13":1,"14":8,"15":2,"16":2,"17":1,"18":7,"19":1,"20":6,"21":4,"22":7,"23":3,"24":0,"25":3,"26":2,"27":1,"28":0,"29":1,"30":2,"31":0,"32":2,"33":1,"34":1,"35":0,"36":1,"37":1,"38":1,"39":0},"f":{"0":6,"1":12,"2":2,"3":4,"4":7},"b":{"0":[2,10],"1":[1,1],"2":[1,10],"3":[11,2],"4":[1,9],"5":[10,2],"6":[2,7],"7":[9,2],"8":[1,1],"9":[2,6],"10":[1,1],"11":[1,6],"12":[7,2,2],"13":[3,2,1,1,0],"14":[0,3],"15":[2,1],"16":[0,1],"17":[0,2],"18":[1,1],"19":[0,1]},"meta":{"lastBranch":20,"lastFunction":5,"lastStatement":40,"seen":{"f:17:16:17:33":0,"s:18:2:57:Infinity":0,"f:18:20:18:28":1,"b:20:4:24:Infinity:undefined:undefined:undefined:undefined":0,"s:20:4:24:Infinity":1,"s:21:23:21:Infinity":2,"s:22:22:22:Infinity":3,"f:22:31:22:38":2,"s:22:45:22:70":4,"b:23:6:23:Infinity:undefined:undefined:undefined:undefined":1,"s:23:6:23:Infinity":5,"s:23:20:23:Infinity":6,"b:27:4:29:Infinity:undefined:undefined:undefined:undefined":2,"s:27:4:29:Infinity":7,"b:27:8:27:32:27:32:27:73":3,"s:28:6:28:Infinity":8,"b:32:4:34:Infinity:undefined:undefined:undefined:undefined":4,"s:32:4:34:Infinity":9,"b:32:8:32:31:32:31:32:70":5,"s:33:6:33:Infinity":10,"b:37:4:41:Infinity:undefined:undefined:undefined:undefined":6,"s:37:4:41:Infinity":11,"b:37:8:37:36:37:36:37:54":7,"b:38:6:40:Infinity:undefined:undefined:undefined:undefined":8,"s:38:6:40:Infinity":12,"s:39:8:39:Infinity":13,"b:44:4:49:Infinity:undefined:undefined:undefined:undefined":9,"s:44:4:49:Infinity":14,"s:45:21:45:Infinity":15,"b:46:6:48:Infinity:undefined:undefined:undefined:undefined":10,"s:46:6:48:Infinity":16,"s:47:8:47:Infinity":17,"b:52:4:54:Infinity:undefined:undefined:undefined:undefined":11,"s:52:4:54:Infinity":18,"b:52:8:52:29:52:29:52:49:52:49:52:78":12,"s:53:6:53:Infinity":19,"s:56:4:56:Infinity":20,"f:62:16:62:31":3,"s:63:2:86:Infinity":21,"f:63:25:63:31":4,"b:65:6:71:Infinity:72:6:78:Infinity:79:6:80:Infinity:81:6:82:Infinity:83:6:84:Infinity":13,"s:64:4:85:Infinity":22,"b:66:8:67:Infinity:undefined:undefined:undefined:undefined":14,"s:66:8:67:Infinity":23,"s:67:10:67:Infinity":24,"b:68:8:68:Infinity:undefined:undefined:undefined:undefined":15,"s:68:8:68:Infinity":25,"s:68:27:68:Infinity":26,"b:69:8:69:Infinity:undefined:undefined:undefined:undefined":16,"s:69:8:69:Infinity":27,"s:69:27:69:Infinity":28,"s:70:8:70:Infinity":29,"b:73:8:74:Infinity:undefined:undefined:undefined:undefined":17,"s:73:8:74:Infinity":30,"s:74:10:74:Infinity":31,"b:75:8:75:Infinity:undefined:undefined:undefined:undefined":18,"s:75:8:75:Infinity":32,"s:75:27:75:Infinity":33,"b:76:8:76:Infinity:undefined:undefined:undefined:undefined":19,"s:76:8:76:Infinity":34,"s:76:27:76:Infinity":35,"s:77:8:77:Infinity":36,"s:80:8:80:Infinity":37,"s:82:8:82:Infinity":38,"s:84:8:84:Infinity":39},"fnNames":{}}}
,"C:\\Users\\tomin\\work\\opencode\\open\\src\\utils\\id.ts": {"path":"C:\\Users\\tomin\\work\\opencode\\open\\src\\utils\\id.ts","statementMap":{"0":{"start":{"line":14,"column":15},"end":{"line":20,"column":null}},"1":{"start":{"line":23,"column":19},"end":{"line":23,"column":null}},"2":{"start":{"line":24,"column":21},"end":{"line":24,"column":null}},"3":{"start":{"line":25,"column":20},"end":{"line":25,"column":null}},"4":{"start":{"line":26,"column":18},"end":{"line":26,"column":null}},"5":{"start":{"line":26,"column":39},"end":{"line":26,"column":70}},"6":{"start":{"line":28,"column":2},"end":{"line":28,"column":null}},"7":{"start":{"line":44,"column":15},"end":{"line":50,"column":null}},"8":{"start":{"line":52,"column":2},"end":{"line":52,"column":null}}},"fnMap":{"0":{"name":"generateFacilityId","decl":{"start":{"line":7,"column":22},"end":{"line":7,"column":null}},"loc":{"start":{"line":13,"column":19},"end":{"line":29,"column":null}},"line":13},"1":{"name":"(anonymous_1)","decl":{"start":{"line":26,"column":28},"end":{"line":26,"column":33}},"loc":{"start":{"line":26,"column":39},"end":{"line":26,"column":70}},"line":26},"2":{"name":"generateFacilityIdSync","decl":{"start":{"line":37,"column":16},"end":{"line":37,"column":null}},"loc":{"start":{"line":43,"column":10},"end":{"line":53,"column":null}},"line":43}},"branchMap":{"0":{"loc":{"start":{"line":19,"column":4},"end":{"line":19,"column":null}},"type":"binary-expr","locations":[{"start":{"line":19,"column":4},"end":{"line":19,"column":18}},{"start":{"line":19,"column":18},"end":{"line":19,"column":null}}],"line":19},"1":{"loc":{"start":{"line":49,"column":4},"end":{"line":49,"column":null}},"type":"binary-expr","locations":[{"start":{"line":49,"column":4},"end":{"line":49,"column":18}},{"start":{"line":49,"column":18},"end":{"line":49,"column":null}}],"line":49}},"s":{"0":3,"1":3,"2":3,"3":3,"4":3,"5":96,"6":3,"7":7,"8":7},"f":{"0":3,"1":96,"2":7},"b":{"0":[3,0],"1":[7,0]},"meta":{"lastBranch":2,"lastFunction":3,"lastStatement":9,"seen":{"f:7:22:7:Infinity":0,"s:14:15:20:Infinity":0,"b:19:4:19:18:19:18:19:Infinity":0,"s:23:19:23:Infinity":1,"s:24:21:24:Infinity":2,"s:25:20:25:Infinity":3,"s:26:18:26:Infinity":4,"f:26:28:26:33":1,"s:26:39:26:70":5,"s:28:2:28:Infinity":6,"f:37:16:37:Infinity":2,"s:44:15:50:Infinity":7,"b:49:4:49:18:49:18:49:Infinity":1,"s:52:2:52:Infinity":8},"fnNames":{}}}
,"C:\\Users\\tomin\\work\\opencode\\open\\src\\utils\\normalization.ts": {"path":"C:\\Users\\tomin\\work\\opencode\\open\\src\\utils\\normalization.ts","statementMap":{"0":{"start":{"line":9,"column":2},"end":{"line":9,"column":null}},"1":{"start":{"line":9,"column":20},"end":{"line":9,"column":null}},"2":{"start":{"line":11,"column":2},"end":{"line":15,"column":null}},"3":{"start":{"line":23,"column":2},"end":{"line":26,"column":null}},"4":{"start":{"line":24,"column":16},"end":{"line":24,"column":46}}},"fnMap":{"0":{"name":"normalizeText","decl":{"start":{"line":8,"column":16},"end":{"line":8,"column":30}},"loc":{"start":{"line":8,"column":71},"end":{"line":16,"column":null}},"line":8},"1":{"name":"generateSearchText","decl":{"start":{"line":22,"column":16},"end":{"line":22,"column":35}},"loc":{"start":{"line":22,"column":81},"end":{"line":27,"column":null}},"line":22},"2":{"name":"(anonymous_2)","decl":{"start":{"line":24,"column":5},"end":{"line":24,"column":10}},"loc":{"start":{"line":24,"column":16},"end":{"line":24,"column":46}},"line":24}},"branchMap":{"0":{"loc":{"start":{"line":9,"column":2},"end":{"line":9,"column":null}},"type":"if","locations":[{"start":{"line":9,"column":2},"end":{"line":9,"column":null}},{"start":{},"end":{}}],"line":9}},"s":{"0":71,"1":3,"2":68,"3":1,"4":4},"f":{"0":71,"1":1,"2":4},"b":{"0":[3,68]},"meta":{"lastBranch":1,"lastFunction":3,"lastStatement":5,"seen":{"f:8:16:8:30":0,"b:9:2:9:Infinity:undefined:undefined:undefined:undefined":0,"s:9:2:9:Infinity":0,"s:9:20:9:Infinity":1,"s:11:2:15:Infinity":2,"f:22:16:22:35":1,"s:23:2:26:Infinity":3,"f:24:5:24:10":2,"s:24:16:24:46":4},"fnNames":{}}}
}
